
> curtisworkspace@0.1.0 start
> react-scripts start

(node:7926) [DEP_WEBPACK_DEV_SERVER_ON_AFTER_SETUP_MIDDLEWARE] DeprecationWarning: 'onAfterSetupMiddleware' option is deprecated. Please use the 'setupMiddlewares' option.
(Use `node --trace-deprecation ...` to show where the warning was created)
(node:7926) [DEP_WEBPACK_DEV_SERVER_ON_BEFORE_SETUP_MIDDLEWARE] DeprecationWarning: 'onBeforeSetupMiddleware' option is deprecated. Please use the 'setupMiddlewares' option.
Starting the development server...

Compiled with warnings.

[eslint]
src/components/DraggableWindow.js
  Line 82:6:   React Hook useEffect has a missing dependency: 'bringToFront'. Either include it or remove the dependency array                                                                                                                                                                           react-hooks/exhaustive-deps
  Line 196:6:  React Hook useEffect has missing dependencies: 'isFullscreen', 'position', 'previousState', and 'size'. Either include them or remove the dependency array. You can also replace multiple useState variables with useReducer if 'setPreviousState' needs the current value of 'position'  react-hooks/exhaustive-deps

Search for the keywords to learn more about each warning.
To ignore, add // eslint-disable-next-line to the line before.

WARNING in [eslint]
src/components/DraggableWindow.js
  Line 82:6:   React Hook useEffect has a missing dependency: 'bringToFront'. Either include it or remove the dependency array                                                                                                                                                                           react-hooks/exhaustive-deps
  Line 196:6:  React Hook useEffect has missing dependencies: 'isFullscreen', 'position', 'previousState', and 'size'. Either include them or remove the dependency array. You can also replace multiple useState variables with useReducer if 'setPreviousState' needs the current value of 'position'  react-hooks/exhaustive-deps

webpack compiled with 1 warning
Compiling...
Compiled with warnings.

[eslint]
src/components/DraggableWindow.js
  Line 82:6:   React Hook useEffect has a missing dependency: 'bringToFront'. Either include it or remove the dependency array                                                                                                                                                                           react-hooks/exhaustive-deps
  Line 196:6:  React Hook useEffect has missing dependencies: 'isFullscreen', 'position', 'previousState', and 'size'. Either include them or remove the dependency array. You can also replace multiple useState variables with useReducer if 'setPreviousState' needs the current value of 'position'  react-hooks/exhaustive-deps

Search for the keywords to learn more about each warning.
To ignore, add // eslint-disable-next-line to the line before.

WARNING in [eslint]
src/components/DraggableWindow.js
  Line 82:6:   React Hook useEffect has a missing dependency: 'bringToFront'. Either include it or remove the dependency array                                                                                                                                                                           react-hooks/exhaustive-deps
  Line 196:6:  React Hook useEffect has missing dependencies: 'isFullscreen', 'position', 'previousState', and 'size'. Either include them or remove the dependency array. You can also replace multiple useState variables with useReducer if 'setPreviousState' needs the current value of 'position'  react-hooks/exhaustive-deps

webpack compiled with 1 warning
Compiling...
Compiled with warnings.

[eslint]
src/components/DraggableWindow.js
  Line 82:6:   React Hook useEffect has a missing dependency: 'bringToFront'. Either include it or remove the dependency array                                                                                                                                                                           react-hooks/exhaustive-deps
  Line 196:6:  React Hook useEffect has missing dependencies: 'isFullscreen', 'position', 'previousState', and 'size'. Either include them or remove the dependency array. You can also replace multiple useState variables with useReducer if 'setPreviousState' needs the current value of 'position'  react-hooks/exhaustive-deps

Search for the keywords to learn more about each warning.
To ignore, add // eslint-disable-next-line to the line before.

WARNING in [eslint]
src/components/DraggableWindow.js
  Line 82:6:   React Hook useEffect has a missing dependency: 'bringToFront'. Either include it or remove the dependency array                                                                                                                                                                           react-hooks/exhaustive-deps
  Line 196:6:  React Hook useEffect has missing dependencies: 'isFullscreen', 'position', 'previousState', and 'size'. Either include them or remove the dependency array. You can also replace multiple useState variables with useReducer if 'setPreviousState' needs the current value of 'position'  react-hooks/exhaustive-deps

webpack compiled with 1 warning
